<?xml version="1.0" encoding="UTF-8"?>
<robot generator="Robot 3.2.1 (Python 3.7.5 on win32)" generated="20200805 18:02:28.937" rpa="false">
<suite id="s1" name="diceProgram" source="C:\Users\Zack\IdeaProjects\RobotFramework\Tests\diceProgram.robot">
<test id="s1-t1" name="rolld20NoModifer">
<kw name="Open Browser" library="SeleniumLibrary">
<doc>Opens a new browser instance to the optional ``url``.</doc>
<arguments>
<arg>${url}</arg>
<arg>${browser}</arg>
</arguments>
<msg timestamp="20200805 18:02:29.089" level="INFO">Opening browser 'chrome' to base url 'file:///E:/Downloads/Javascript_HTML_CSS/DiceProgram.html'.</msg>
<status status="PASS" starttime="20200805 18:02:29.088" endtime="20200805 18:02:32.322"></status>
</kw>
<kw name="Maximize Browser Window" library="SeleniumLibrary">
<doc>Maximizes current browser window.</doc>
<status status="PASS" starttime="20200805 18:02:32.323" endtime="20200805 18:02:34.440"></status>
</kw>
<kw name="Title Should Be" library="SeleniumLibrary">
<doc>Verifies that the current page title equals ``title``.</doc>
<arguments>
<arg>Dice Program</arg>
</arguments>
<msg timestamp="20200805 18:02:34.446" level="INFO">Page title is 'Dice Program'.</msg>
<status status="PASS" starttime="20200805 18:02:34.440" endtime="20200805 18:02:34.446"></status>
</kw>
<kw name="Input Text" library="SeleniumLibrary">
<doc>Types the given ``text`` into the text field identified by ``locator``.</doc>
<arguments>
<arg>id:numberOfDice-d20</arg>
<arg>1</arg>
</arguments>
<msg timestamp="20200805 18:02:34.446" level="INFO">Typing text '1' into text field 'id:numberOfDice-d20'.</msg>
<status status="PASS" starttime="20200805 18:02:34.446" endtime="20200805 18:02:34.529"></status>
</kw>
<kw name="Sleep" library="BuiltIn">
<doc>Pauses the test executed for the given time.</doc>
<arguments>
<arg>1</arg>
</arguments>
<msg timestamp="20200805 18:02:35.530" level="INFO">Slept 1 second</msg>
<status status="PASS" starttime="20200805 18:02:34.529" endtime="20200805 18:02:35.530"></status>
</kw>
<kw name="Click Button" library="SeleniumLibrary">
<doc>Clicks the button identified by ``locator``.</doc>
<arguments>
<arg>id:button-d20</arg>
</arguments>
<msg timestamp="20200805 18:02:35.531" level="INFO">Clicking button 'id:button-d20'.</msg>
<status status="PASS" starttime="20200805 18:02:35.530" endtime="20200805 18:02:35.585"></status>
</kw>
<kw name="Sleep" library="BuiltIn">
<doc>Pauses the test executed for the given time.</doc>
<arguments>
<arg>1</arg>
</arguments>
<msg timestamp="20200805 18:02:36.588" level="INFO">Slept 1 second</msg>
<status status="PASS" starttime="20200805 18:02:35.586" endtime="20200805 18:02:36.588"></status>
</kw>
<kw name="Clear Element Text" library="SeleniumLibrary">
<doc>Clears the value of the text-input-element identified by ``locator``.</doc>
<arguments>
<arg>id:numberOfDice-d20</arg>
</arguments>
<status status="PASS" starttime="20200805 18:02:36.589" endtime="20200805 18:02:36.612"></status>
</kw>
<kw name="Sleep" library="BuiltIn">
<doc>Pauses the test executed for the given time.</doc>
<arguments>
<arg>2</arg>
</arguments>
<msg timestamp="20200805 18:02:38.614" level="INFO">Slept 2 seconds</msg>
<status status="PASS" starttime="20200805 18:02:36.612" endtime="20200805 18:02:38.614"></status>
</kw>
<kw name="Close Browser" library="SeleniumLibrary">
<doc>Closes the current browser.</doc>
<status status="PASS" starttime="20200805 18:02:38.615" endtime="20200805 18:02:40.876"></status>
</kw>
<status status="PASS" starttime="20200805 18:02:29.088" endtime="20200805 18:02:40.876" critical="yes"></status>
</test>
<test id="s1-t2" name="rolld20WithModifier">
<kw name="Open Browser" library="SeleniumLibrary">
<doc>Opens a new browser instance to the optional ``url``.</doc>
<arguments>
<arg>${url}</arg>
<arg>${browser}</arg>
</arguments>
<msg timestamp="20200805 18:02:40.879" level="INFO">Opening browser 'chrome' to base url 'file:///E:/Downloads/Javascript_HTML_CSS/DiceProgram.html'.</msg>
<status status="PASS" starttime="20200805 18:02:40.878" endtime="20200805 18:02:44.098"></status>
</kw>
<kw name="Maximize Browser Window" library="SeleniumLibrary">
<doc>Maximizes current browser window.</doc>
<status status="PASS" starttime="20200805 18:02:44.098" endtime="20200805 18:02:46.214"></status>
</kw>
<kw name="Title Should Be" library="SeleniumLibrary">
<doc>Verifies that the current page title equals ``title``.</doc>
<arguments>
<arg>Dice Program</arg>
</arguments>
<msg timestamp="20200805 18:02:46.221" level="INFO">Page title is 'Dice Program'.</msg>
<status status="PASS" starttime="20200805 18:02:46.215" endtime="20200805 18:02:46.221"></status>
</kw>
<kw name="Input Text" library="SeleniumLibrary">
<doc>Types the given ``text`` into the text field identified by ``locator``.</doc>
<arguments>
<arg>id:numberOfDice-d20</arg>
<arg>1</arg>
</arguments>
<msg timestamp="20200805 18:02:46.222" level="INFO">Typing text '1' into text field 'id:numberOfDice-d20'.</msg>
<status status="PASS" starttime="20200805 18:02:46.221" endtime="20200805 18:02:46.311"></status>
</kw>
<kw name="Sleep" library="BuiltIn">
<doc>Pauses the test executed for the given time.</doc>
<arguments>
<arg>1</arg>
</arguments>
<msg timestamp="20200805 18:02:47.313" level="INFO">Slept 1 second</msg>
<status status="PASS" starttime="20200805 18:02:46.312" endtime="20200805 18:02:47.313"></status>
</kw>
<kw name="Input Text" library="SeleniumLibrary">
<doc>Types the given ``text`` into the text field identified by ``locator``.</doc>
<arguments>
<arg>id:modifier-d20</arg>
<arg>3</arg>
</arguments>
<msg timestamp="20200805 18:02:47.314" level="INFO">Typing text '3' into text field 'id:modifier-d20'.</msg>
<status status="PASS" starttime="20200805 18:02:47.313" endtime="20200805 18:02:47.376"></status>
</kw>
<kw name="Sleep" library="BuiltIn">
<doc>Pauses the test executed for the given time.</doc>
<arguments>
<arg>1</arg>
</arguments>
<msg timestamp="20200805 18:02:48.378" level="INFO">Slept 1 second</msg>
<status status="PASS" starttime="20200805 18:02:47.377" endtime="20200805 18:02:48.378"></status>
</kw>
<kw name="Click Button" library="SeleniumLibrary">
<doc>Clicks the button identified by ``locator``.</doc>
<arguments>
<arg>id:button-d20</arg>
</arguments>
<msg timestamp="20200805 18:02:48.378" level="INFO">Clicking button 'id:button-d20'.</msg>
<status status="PASS" starttime="20200805 18:02:48.378" endtime="20200805 18:02:48.432"></status>
</kw>
<kw name="Sleep" library="BuiltIn">
<doc>Pauses the test executed for the given time.</doc>
<arguments>
<arg>1</arg>
</arguments>
<msg timestamp="20200805 18:02:49.435" level="INFO">Slept 1 second</msg>
<status status="PASS" starttime="20200805 18:02:48.433" endtime="20200805 18:02:49.435"></status>
</kw>
<kw name="Clear Element Text" library="SeleniumLibrary">
<doc>Clears the value of the text-input-element identified by ``locator``.</doc>
<arguments>
<arg>id:numberOfDice-d20</arg>
</arguments>
<status status="PASS" starttime="20200805 18:02:49.435" endtime="20200805 18:02:49.458"></status>
</kw>
<kw name="Sleep" library="BuiltIn">
<doc>Pauses the test executed for the given time.</doc>
<arguments>
<arg>2</arg>
</arguments>
<msg timestamp="20200805 18:02:51.459" level="INFO">Slept 2 seconds</msg>
<status status="PASS" starttime="20200805 18:02:49.459" endtime="20200805 18:02:51.459"></status>
</kw>
<kw name="Close Browser" library="SeleniumLibrary">
<doc>Closes the current browser.</doc>
<status status="PASS" starttime="20200805 18:02:51.459" endtime="20200805 18:02:53.548"></status>
</kw>
<status status="PASS" starttime="20200805 18:02:40.878" endtime="20200805 18:02:53.548" critical="yes"></status>
</test>
<doc>this tests the dice program</doc>
<status status="PASS" starttime="20200805 18:02:28.939" endtime="20200805 18:02:53.550"></status>
</suite>
<statistics>
<total>
<stat pass="2" fail="0">Critical Tests</stat>
<stat pass="2" fail="0">All Tests</stat>
</total>
<tag>
</tag>
<suite>
<stat pass="2" fail="0" id="s1" name="diceProgram">diceProgram</stat>
</suite>
</statistics>
<errors>
</errors>
</robot>
